2010/08/07 20:06:31 [error] [exception.CException] exception 'CException' with message 'Property "ModelCode.jenisKelamin" is not defined.' in /home/ata/Project/kkn/framework/base/CComponent.php:131
Stack trace:
#0 /home/ata/Project/kkn/protected/gii/model/templates/default/model.php(100): CComponent->__get('jenisKelamin')
#1 /home/ata/Project/kkn/framework/gii/CCodeModel.php(228): require('/home/ata/Proje...')
#2 /home/ata/Project/kkn/framework/gii/generators/model/ModelCode.php(103): CCodeModel->render('/home/ata/Proje...', Array)
#3 /home/ata/Project/kkn/framework/gii/CCodeGenerator.php(158): ModelCode->prepare()
#4 /home/ata/Project/kkn/framework/gii/CCodeGenerator.php(61): CCodeGenerator->prepare()
#5 /home/ata/Project/kkn/framework/web/actions/CInlineAction.php(32): CCodeGenerator->actionIndex()
#6 /home/ata/Project/kkn/framework/web/CController.php(300): CInlineAction->run()
#7 /home/ata/Project/kkn/framework/web/CController.php(278): CController->runAction(Object(CInlineAction))
#8 /home/ata/Project/kkn/framework/web/CController.php(257): CController->runActionWithFilters(Object(CInlineAction), Array)
#9 /home/ata/Project/kkn/framework/web/CWebApplication.php(324): CController->run('')
#10 /home/ata/Project/kkn/framework/web/CWebApplication.php(121): CWebApplication->runController('gii/model')
#11 /home/ata/Project/kkn/framework/base/CApplication.php(135): CWebApplication->processRequest()
#12 /home/ata/Project/kkn/index.php(13): CApplication->run()
#13 {main} REQUEST_URI=/kkn/gii/model
2010/08/07 20:06:50 [error] [exception.CException] exception 'CException' with message 'Property "ModelCode.jenisKelamin" is not defined.' in /home/ata/Project/kkn/framework/base/CComponent.php:131
Stack trace:
#0 /home/ata/Project/kkn/protected/gii/model/templates/default/model.php(100): CComponent->__get('jenisKelamin')
#1 /home/ata/Project/kkn/framework/gii/CCodeModel.php(228): require('/home/ata/Proje...')
#2 /home/ata/Project/kkn/framework/gii/generators/model/ModelCode.php(103): CCodeModel->render('/home/ata/Proje...', Array)
#3 /home/ata/Project/kkn/framework/gii/CCodeGenerator.php(158): ModelCode->prepare()
#4 /home/ata/Project/kkn/framework/gii/CCodeGenerator.php(61): CCodeGenerator->prepare()
#5 /home/ata/Project/kkn/framework/web/actions/CInlineAction.php(32): CCodeGenerator->actionIndex()
#6 /home/ata/Project/kkn/framework/web/CController.php(300): CInlineAction->run()
#7 /home/ata/Project/kkn/framework/web/CController.php(278): CController->runAction(Object(CInlineAction))
#8 /home/ata/Project/kkn/framework/web/CController.php(257): CController->runActionWithFilters(Object(CInlineAction), Array)
#9 /home/ata/Project/kkn/framework/web/CWebApplication.php(324): CController->run('')
#10 /home/ata/Project/kkn/framework/web/CWebApplication.php(121): CWebApplication->runController('gii/model')
#11 /home/ata/Project/kkn/framework/base/CApplication.php(135): CWebApplication->processRequest()
#12 /home/ata/Project/kkn/index.php(13): CApplication->run()
#13 {main} REQUEST_URI=/kkn/gii/model
2010/08/07 20:38:18 [error] [exception.CException] exception 'CException' with message 'Property "CrudCode.modelId" is not defined.' in /home/ata/Project/kkn/framework/base/CComponent.php:131
Stack trace:
#0 /home/ata/Project/kkn/protected/gii/crud/templates/default/controller.php(21): CComponent->__get('modelId')
#1 /home/ata/Project/kkn/framework/gii/CCodeModel.php(228): require('/home/ata/Proje...')
#2 /home/ata/Project/kkn/framework/gii/generators/crud/CrudCode.php(86): CCodeModel->render('/home/ata/Proje...')
#3 /home/ata/Project/kkn/framework/gii/CCodeGenerator.php(158): CrudCode->prepare()
#4 /home/ata/Project/kkn/framework/gii/CCodeGenerator.php(61): CCodeGenerator->prepare()
#5 /home/ata/Project/kkn/framework/web/actions/CInlineAction.php(32): CCodeGenerator->actionIndex()
#6 /home/ata/Project/kkn/framework/web/CController.php(300): CInlineAction->run()
#7 /home/ata/Project/kkn/framework/web/CController.php(278): CController->runAction(Object(CInlineAction))
#8 /home/ata/Project/kkn/framework/web/CController.php(257): CController->runActionWithFilters(Object(CInlineAction), Array)
#9 /home/ata/Project/kkn/framework/web/CWebApplication.php(324): CController->run('')
#10 /home/ata/Project/kkn/framework/web/CWebApplication.php(121): CWebApplication->runController('gii/crud')
#11 /home/ata/Project/kkn/framework/base/CApplication.php(135): CWebApplication->processRequest()
#12 /home/ata/Project/kkn/index.php(13): CApplication->run()
#13 {main} REQUEST_URI=/kkn/gii/crud
2010/08/07 20:58:44 [error] [php] Undefined variable: model (/home/ata/Project/kkn/protected/views/user/_form.php:13)
Stack trace:
#0 /home/ata/Project/kkn/framework/web/CController.php(798): UserController->renderFile()
#1 /home/ata/Project/kkn/protected/views/user/create.php(15): UserController->renderPartial()
#2 /home/ata/Project/kkn/framework/web/CBaseController.php(119): require()
#3 /home/ata/Project/kkn/framework/web/CBaseController.php(88): UserController->renderInternal()
#4 /home/ata/Project/kkn/framework/web/CController.php(798): UserController->renderFile()
#5 /home/ata/Project/kkn/framework/web/CController.php(739): UserController->renderPartial()
#6 /home/ata/Project/kkn/protected/controllers/UserController.php(82): UserController->render()
#7 /home/ata/Project/kkn/framework/web/actions/CInlineAction.php(32): UserController->actionCreate()
#8 /home/ata/Project/kkn/framework/web/CController.php(300): CInlineAction->run()
#9 /home/ata/Project/kkn/framework/web/filters/CFilterChain.php(129): UserController->runAction()
#10 /home/ata/Project/kkn/framework/web/filters/CFilter.php(41): CFilterChain->run()
#11 /home/ata/Project/kkn/framework/web/CController.php(1049): CAccessControlFilter->filter()
#12 /home/ata/Project/kkn/framework/web/filters/CInlineFilter.php(59): UserController->filterAccessControl()
#13 /home/ata/Project/kkn/framework/web/filters/CFilterChain.php(126): CInlineFilter->filter()
#14 /home/ata/Project/kkn/framework/web/CController.php(283): CFilterChain->run()
#15 /home/ata/Project/kkn/framework/web/CController.php(257): UserController->runActionWithFilters()
#16 /home/ata/Project/kkn/framework/web/CWebApplication.php(324): UserController->run()
#17 /home/ata/Project/kkn/framework/web/CWebApplication.php(121): CWebApplication->runController()
#18 /home/ata/Project/kkn/framework/base/CApplication.php(135): CWebApplication->processRequest()
#19 /home/ata/Project/kkn/index.php(13): CWebApplication->run()
REQUEST_URI=/kkn/user/create
in /home/ata/Project/kkn/protected/views/user/_form.php (13)
in /home/ata/Project/kkn/protected/views/user/create.php (15)
in /home/ata/Project/kkn/protected/controllers/UserController.php (82)
2010/08/07 21:04:33 [error] [exception.CHttpException.404] exception 'CHttpException' with message 'Unable to resolve the request "gii/crud\".' in /home/ata/Project/kkn/framework/web/CWebApplication.php:328
Stack trace:
#0 /home/ata/Project/kkn/framework/web/CWebApplication.php(121): CWebApplication->runController('gii/crud\')
#1 /home/ata/Project/kkn/framework/base/CApplication.php(135): CWebApplication->processRequest()
#2 /home/ata/Project/kkn/index.php(13): CApplication->run()
#3 {main} REQUEST_URI=/kkn/gii/crud%5C
2010/08/07 21:13:34 [error] [php] Undefined variable: user (/home/ata/Project/kkn/protected/views/user/_search.php:9)
Stack trace:
#0 /home/ata/Project/kkn/framework/web/CController.php(798): UserController->renderFile()
#1 /home/ata/Project/kkn/protected/views/user/admin.php(37): UserController->renderPartial()
#2 /home/ata/Project/kkn/framework/web/CBaseController.php(119): require()
#3 /home/ata/Project/kkn/framework/web/CBaseController.php(88): UserController->renderInternal()
#4 /home/ata/Project/kkn/framework/web/CController.php(798): UserController->renderFile()
#5 /home/ata/Project/kkn/framework/web/CController.php(739): UserController->renderPartial()
#6 /home/ata/Project/kkn/protected/controllers/UserController.php(150): UserController->render()
#7 /home/ata/Project/kkn/framework/web/actions/CInlineAction.php(32): UserController->actionAdmin()
#8 /home/ata/Project/kkn/framework/web/CController.php(300): CInlineAction->run()
#9 /home/ata/Project/kkn/framework/web/filters/CFilterChain.php(129): UserController->runAction()
#10 /home/ata/Project/kkn/framework/web/filters/CFilter.php(41): CFilterChain->run()
#11 /home/ata/Project/kkn/framework/web/CController.php(1049): CAccessControlFilter->filter()
#12 /home/ata/Project/kkn/framework/web/filters/CInlineFilter.php(59): UserController->filterAccessControl()
#13 /home/ata/Project/kkn/framework/web/filters/CFilterChain.php(126): CInlineFilter->filter()
#14 /home/ata/Project/kkn/framework/web/CController.php(283): CFilterChain->run()
#15 /home/ata/Project/kkn/framework/web/CController.php(257): UserController->runActionWithFilters()
#16 /home/ata/Project/kkn/framework/web/CWebApplication.php(324): UserController->run()
#17 /home/ata/Project/kkn/framework/web/CWebApplication.php(121): CWebApplication->runController()
#18 /home/ata/Project/kkn/framework/base/CApplication.php(135): CWebApplication->processRequest()
#19 /home/ata/Project/kkn/index.php(13): CWebApplication->run()
REQUEST_URI=/kkn/user/admin
in /home/ata/Project/kkn/protected/views/user/_search.php (9)
in /home/ata/Project/kkn/protected/views/user/admin.php (37)
in /home/ata/Project/kkn/protected/controllers/UserController.php (150)
2010/08/07 21:14:40 [error] [php] Undefined variable: model (/home/ata/Project/kkn/protected/views/user/admin.php:42)
Stack trace:
#0 /home/ata/Project/kkn/framework/web/CController.php(798): UserController->renderFile()
#1 /home/ata/Project/kkn/framework/web/CController.php(739): UserController->renderPartial()
#2 /home/ata/Project/kkn/protected/controllers/UserController.php(150): UserController->render()
#3 /home/ata/Project/kkn/framework/web/actions/CInlineAction.php(32): UserController->actionAdmin()
#4 /home/ata/Project/kkn/framework/web/CController.php(300): CInlineAction->run()
#5 /home/ata/Project/kkn/framework/web/filters/CFilterChain.php(129): UserController->runAction()
#6 /home/ata/Project/kkn/framework/web/filters/CFilter.php(41): CFilterChain->run()
#7 /home/ata/Project/kkn/framework/web/CController.php(1049): CAccessControlFilter->filter()
#8 /home/ata/Project/kkn/framework/web/filters/CInlineFilter.php(59): UserController->filterAccessControl()
#9 /home/ata/Project/kkn/framework/web/filters/CFilterChain.php(126): CInlineFilter->filter()
#10 /home/ata/Project/kkn/framework/web/CController.php(283): CFilterChain->run()
#11 /home/ata/Project/kkn/framework/web/CController.php(257): UserController->runActionWithFilters()
#12 /home/ata/Project/kkn/framework/web/CWebApplication.php(324): UserController->run()
#13 /home/ata/Project/kkn/framework/web/CWebApplication.php(121): CWebApplication->runController()
#14 /home/ata/Project/kkn/framework/base/CApplication.php(135): CWebApplication->processRequest()
#15 /home/ata/Project/kkn/index.php(13): CWebApplication->run()
REQUEST_URI=/kkn/user/admin
in /home/ata/Project/kkn/protected/views/user/admin.php (42)
in /home/ata/Project/kkn/protected/controllers/UserController.php (150)
in /home/ata/Project/kkn/index.php (13)
2010/08/07 21:18:11 [error] [php] Undefined variable: model (/home/ata/Project/kkn/protected/views/user/view.php:10)
Stack trace:
#0 /home/ata/Project/kkn/framework/web/CController.php(798): UserController->renderFile()
#1 /home/ata/Project/kkn/framework/web/CController.php(739): UserController->renderPartial()
#2 /home/ata/Project/kkn/protected/controllers/UserController.php(59): UserController->render()
#3 /home/ata/Project/kkn/framework/web/actions/CInlineAction.php(32): UserController->actionView()
#4 /home/ata/Project/kkn/framework/web/CController.php(300): CInlineAction->run()
#5 /home/ata/Project/kkn/framework/web/filters/CFilterChain.php(129): UserController->runAction()
#6 /home/ata/Project/kkn/framework/web/filters/CFilter.php(41): CFilterChain->run()
#7 /home/ata/Project/kkn/framework/web/CController.php(1049): CAccessControlFilter->filter()
#8 /home/ata/Project/kkn/framework/web/filters/CInlineFilter.php(59): UserController->filterAccessControl()
#9 /home/ata/Project/kkn/framework/web/filters/CFilterChain.php(126): CInlineFilter->filter()
#10 /home/ata/Project/kkn/framework/web/CController.php(283): CFilterChain->run()
#11 /home/ata/Project/kkn/framework/web/CController.php(257): UserController->runActionWithFilters()
#12 /home/ata/Project/kkn/framework/web/CWebApplication.php(324): UserController->run()
#13 /home/ata/Project/kkn/framework/web/CWebApplication.php(121): CWebApplication->runController()
#14 /home/ata/Project/kkn/framework/base/CApplication.php(135): CWebApplication->processRequest()
#15 /home/ata/Project/kkn/index.php(13): CWebApplication->run()
REQUEST_URI=/kkn/user/1
in /home/ata/Project/kkn/protected/views/user/view.php (10)
in /home/ata/Project/kkn/protected/controllers/UserController.php (59)
in /home/ata/Project/kkn/index.php (13)
2010/08/07 21:19:40 [error] [php] Undefined variable: model (/home/ata/Project/kkn/protected/views/user/view.php:10)
Stack trace:
#0 /home/ata/Project/kkn/framework/web/CController.php(798): UserController->renderFile()
#1 /home/ata/Project/kkn/framework/web/CController.php(739): UserController->renderPartial()
#2 /home/ata/Project/kkn/protected/controllers/UserController.php(59): UserController->render()
#3 /home/ata/Project/kkn/framework/web/actions/CInlineAction.php(32): UserController->actionView()
#4 /home/ata/Project/kkn/framework/web/CController.php(300): CInlineAction->run()
#5 /home/ata/Project/kkn/framework/web/filters/CFilterChain.php(129): UserController->runAction()
#6 /home/ata/Project/kkn/framework/web/filters/CFilter.php(41): CFilterChain->run()
#7 /home/ata/Project/kkn/framework/web/CController.php(1049): CAccessControlFilter->filter()
#8 /home/ata/Project/kkn/framework/web/filters/CInlineFilter.php(59): UserController->filterAccessControl()
#9 /home/ata/Project/kkn/framework/web/filters/CFilterChain.php(126): CInlineFilter->filter()
#10 /home/ata/Project/kkn/framework/web/CController.php(283): CFilterChain->run()
#11 /home/ata/Project/kkn/framework/web/CController.php(257): UserController->runActionWithFilters()
#12 /home/ata/Project/kkn/framework/web/CWebApplication.php(324): UserController->run()
#13 /home/ata/Project/kkn/framework/web/CWebApplication.php(121): CWebApplication->runController()
#14 /home/ata/Project/kkn/framework/base/CApplication.php(135): CWebApplication->processRequest()
#15 /home/ata/Project/kkn/index.php(13): CWebApplication->run()
REQUEST_URI=/kkn/user/1
in /home/ata/Project/kkn/protected/views/user/view.php (10)
in /home/ata/Project/kkn/protected/controllers/UserController.php (59)
in /home/ata/Project/kkn/index.php (13)
2010/08/07 21:33:27 [error] [php] Undefined variable: model (/home/ata/Project/kkn/protected/views/user/update.php:11)
Stack trace:
#0 /home/ata/Project/kkn/framework/web/CController.php(798): UserController->renderFile()
#1 /home/ata/Project/kkn/framework/web/CController.php(739): UserController->renderPartial()
#2 /home/ata/Project/kkn/protected/controllers/UserController.php(105): UserController->render()
#3 /home/ata/Project/kkn/framework/web/actions/CInlineAction.php(32): UserController->actionUpdate()
#4 /home/ata/Project/kkn/framework/web/CController.php(300): CInlineAction->run()
#5 /home/ata/Project/kkn/framework/web/filters/CFilterChain.php(129): UserController->runAction()
#6 /home/ata/Project/kkn/framework/web/filters/CFilter.php(41): CFilterChain->run()
#7 /home/ata/Project/kkn/framework/web/CController.php(1049): CAccessControlFilter->filter()
#8 /home/ata/Project/kkn/framework/web/filters/CInlineFilter.php(59): UserController->filterAccessControl()
#9 /home/ata/Project/kkn/framework/web/filters/CFilterChain.php(126): CInlineFilter->filter()
#10 /home/ata/Project/kkn/framework/web/CController.php(283): CFilterChain->run()
#11 /home/ata/Project/kkn/framework/web/CController.php(257): UserController->runActionWithFilters()
#12 /home/ata/Project/kkn/framework/web/CWebApplication.php(324): UserController->run()
#13 /home/ata/Project/kkn/framework/web/CWebApplication.php(121): CWebApplication->runController()
#14 /home/ata/Project/kkn/framework/base/CApplication.php(135): CWebApplication->processRequest()
#15 /home/ata/Project/kkn/index.php(13): CWebApplication->run()
REQUEST_URI=/kkn/user/1/update
in /home/ata/Project/kkn/protected/views/user/update.php (11)
in /home/ata/Project/kkn/protected/controllers/UserController.php (105)
in /home/ata/Project/kkn/index.php (13)
